<?xml version="1.0" encoding="UTF-8"?>
<!-- Generated by org.testng.reporters.JUnitReportReporter -->
<testsuite skipped="0" hostname="DESKTOP-B0HRMQN" name="com.training.simple.test.ELTC_009_UnscribeCourseTest" tests="1" failures="0" timestamp="2019-12-05T20:41:53 IST" time="42.657" errors="0">
  <testcase name="UnscribeCourseTest" time="42.657" classname="com.training.simple.test.ELTC_009_UnscribeCourseTest"/>
</testsuite> <!-- com.training.simple.test.ELTC_009_UnscribeCourseTest -->
