<?xml version="1.0" encoding="UTF-8"?>
<!-- Generated by org.testng.reporters.JUnitReportReporter -->
<testsuite skipped="0" hostname="DESKTOP-B0HRMQN" name="com.training.sanity.tests.ELTC_037_SendReportsTest" tests="1" failures="0" timestamp="2019-12-01T16:37:27 IST" time="51.375" errors="0">
  <testcase name="SendrportTest" time="51.375" classname="com.training.sanity.tests.ELTC_037_SendReportsTest"/>
</testsuite> <!-- com.training.sanity.tests.ELTC_037_SendReportsTest -->
