<?xml version="1.0" encoding="UTF-8"?>
<!-- Generated by org.testng.reporters.JUnitReportReporter -->
<testsuite skipped="0" hostname="DESKTOP-B0HRMQN" name="com.training.complex.test.ELTC_067_AddmultitrainerTest" tests="1" failures="0" timestamp="2019-12-05T19:10:00 IST" time="57.371" errors="0">
  <testcase name="AddmultitrainerTest" time="57.371" classname="com.training.complex.test.ELTC_067_AddmultitrainerTest"/>
</testsuite> <!-- com.training.complex.test.ELTC_067_AddmultitrainerTest -->
