<?xml version="1.0" encoding="UTF-8"?>
<!-- Generated by org.testng.reporters.JUnitReportReporter -->
<testsuite skipped="0" hostname="DESKTOP-B0HRMQN" name="com.training.sanity.tests.ELTC_009_UnscribeCourseTest" tests="1" failures="0" timestamp="2019-11-29T14:29:28 IST" time="69.554" errors="0">
  <testcase name="UnscribeCourseTest" time="69.554" classname="com.training.sanity.tests.ELTC_009_UnscribeCourseTest"/>
</testsuite> <!-- com.training.sanity.tests.ELTC_009_UnscribeCourseTest -->
