<?xml version="1.0" encoding="UTF-8"?>
<!-- Generated by org.testng.reporters.JUnitReportReporter -->
<testsuite skipped="0" hostname="DESKTOP-B0HRMQN" name="com.training.medium.test.ELTC_038_CreateGroupsTest" tests="1" failures="0" timestamp="2019-12-05T23:09:43 IST" time="46.609" errors="0">
  <testcase name="CreateGroupsTestTest" time="46.609" classname="com.training.medium.test.ELTC_038_CreateGroupsTest"/>
</testsuite> <!-- com.training.medium.test.ELTC_038_CreateGroupsTest -->
