<?xml version="1.0" encoding="UTF-8"?>
<!-- Generated by org.testng.reporters.JUnitReportReporter -->
<testsuite skipped="0" hostname="DESKTOP-B0HRMQN" name="com.training.medium.test.ELTC_036_FeedbacRateTest" tests="1" failures="0" timestamp="2019-12-05T21:21:36 IST" time="38.316" errors="0">
  <testcase name="FeedbackTest" time="38.316" classname="com.training.medium.test.ELTC_036_FeedbacRateTest"/>
</testsuite> <!-- com.training.medium.test.ELTC_036_FeedbacRateTest -->
