<?xml version="1.0" encoding="UTF-8"?>
<!-- Generated by org.testng.reporters.JUnitReportReporter -->
<testsuite skipped="0" hostname="DESKTOP-B0HRMQN" name="com.training.complex.test.ELTC_065_AddOnlinequizTest" tests="1" failures="0" timestamp="2019-12-05T19:12:18 IST" time="62.842" errors="0">
  <testcase name="AddOnlinequizTest" time="62.842" classname="com.training.complex.test.ELTC_065_AddOnlinequizTest"/>
</testsuite> <!-- com.training.complex.test.ELTC_065_AddOnlinequizTest -->
