<?xml version="1.0" encoding="UTF-8"?>
<!-- Generated by org.testng.reporters.JUnitReportReporter -->
<testsuite skipped="0" hostname="DESKTOP-B0HRMQN" name="com.training.medium.test.ELTC_035_CheckAssignmentTest" tests="1" failures="0" timestamp="2019-12-05T21:18:05 IST" time="67.607" errors="0">
  <testcase name="CheckAssignmentTest" time="67.607" classname="com.training.medium.test.ELTC_035_CheckAssignmentTest"/>
</testsuite> <!-- com.training.medium.test.ELTC_035_CheckAssignmentTest -->
