<?xml version="1.0" encoding="UTF-8"?>
<!-- Generated by org.testng.reporters.JUnitReportReporter -->
<testsuite skipped="0" hostname="DESKTOP-B0HRMQN" name="com.training.simple.test.ELTC_008_EntercoursedecsTest" tests="1" failures="0" timestamp="2019-12-05T20:40:19 IST" time="38.971" errors="0">
  <testcase name="EntercoursedecsTest" time="38.971" classname="com.training.simple.test.ELTC_008_EntercoursedecsTest"/>
</testsuite> <!-- com.training.simple.test.ELTC_008_EntercoursedecsTest -->
