<?xml version="1.0" encoding="UTF-8"?>
<!-- Generated by org.testng.reporters.JUnitReportReporter -->
<testsuite skipped="0" hostname="DESKTOP-B0HRMQN" name="com.training.medium.test.ELTC_037_SendReportsTest" tests="1" failures="0" timestamp="2019-12-05T23:05:03 IST" time="57.966" errors="0">
  <testcase name="SendrportTest" time="57.966" classname="com.training.medium.test.ELTC_037_SendReportsTest"/>
</testsuite> <!-- com.training.medium.test.ELTC_037_SendReportsTest -->
