<?xml version="1.0" encoding="UTF-8"?>
<!-- Generated by org.testng.reporters.JUnitReportReporter -->
<testsuite skipped="0" hostname="DESKTOP-B0HRMQN" name="com.training.sanity.tests.ELTC_007_CreatecourseTest" tests="1" failures="0" timestamp="2019-11-29T18:33:54 IST" time="31.654" errors="0">
  <testcase name="createcourseTest" time="31.654" classname="com.training.sanity.tests.ELTC_007_CreatecourseTest"/>
</testsuite> <!-- com.training.sanity.tests.ELTC_007_CreatecourseTest -->
