<?xml version="1.0" encoding="UTF-8"?>
<!-- Generated by org.testng.reporters.JUnitReportReporter -->
<testsuite skipped="0" hostname="DESKTOP-B0HRMQN" name="com.training.sanity.tests.ELTC_036_FeedbacRateTest" tests="1" failures="0" timestamp="2019-11-30T15:07:47 IST" time="65.875" errors="0">
  <testcase name="FeedbackTest" time="65.875" classname="com.training.sanity.tests.ELTC_036_FeedbacRateTest"/>
</testsuite> <!-- com.training.sanity.tests.ELTC_036_FeedbacRateTest -->
