<?xml version="1.0" encoding="UTF-8"?>
<!-- Generated by org.testng.reporters.JUnitReportReporter -->
<testsuite skipped="0" hostname="DESKTOP-B0HRMQN" name="com.training.simple.test.ELTC_007_CreatecourseTest" tests="1" failures="0" timestamp="2019-12-05T20:35:39 IST" time="48.176" errors="0">
  <testcase name="createcourseTest" time="48.176" classname="com.training.simple.test.ELTC_007_CreatecourseTest"/>
</testsuite> <!-- com.training.simple.test.ELTC_007_CreatecourseTest -->
