<?xml version="1.0" encoding="UTF-8"?>
<!-- Generated by org.testng.reporters.JUnitReportReporter -->
<testsuite skipped="0" hostname="DESKTOP-B0HRMQN" name="com.training.sanity.tests.ELTC_035_CheckAssignmentTest" tests="1" failures="0" timestamp="2019-11-30T00:12:31 IST" time="290.332" errors="0">
  <testcase name="CheckAssignmentTest" time="290.332" classname="com.training.sanity.tests.ELTC_035_CheckAssignmentTest"/>
</testsuite> <!-- com.training.sanity.tests.ELTC_035_CheckAssignmentTest -->
