<?xml version="1.0" encoding="UTF-8"?>
<!-- Generated by org.testng.reporters.JUnitReportReporter -->
<testsuite skipped="0" hostname="DESKTOP-B0HRMQN" name="com.training.complex.test.ELTC_066_TeacherStuQuizTest" tests="1" failures="0" timestamp="2019-12-05T19:44:31 IST" time="114.127" errors="0">
  <testcase name="TeacherStuQuiz" time="114.127" classname="com.training.complex.test.ELTC_066_TeacherStuQuizTest"/>
</testsuite> <!-- com.training.complex.test.ELTC_066_TeacherStuQuizTest -->
