<?xml version="1.0" encoding="UTF-8"?>
<!-- Generated by org.testng.reporters.JUnitReportReporter -->
<testsuite skipped="0" hostname="DESKTOP-B0HRMQN" name="com.training.complex.test.ELTC_068_CheckAddedUserTest" tests="1" failures="0" timestamp="2019-12-05T19:08:49 IST" time="43.362" errors="0">
  <testcase name="CheckAddedUserTest" time="43.362" classname="com.training.complex.test.ELTC_068_CheckAddedUserTest"/>
</testsuite> <!-- com.training.complex.test.ELTC_068_CheckAddedUserTest -->
