<?xml version="1.0" encoding="UTF-8"?>
<!-- Generated by org.testng.reporters.JUnitReportReporter -->
<testsuite skipped="0" hostname="DESKTOP-B0HRMQN" name="com.training.sanity.tests.ELTC_038_CreateGroupsTest" tests="1" failures="0" timestamp="2019-12-01T20:31:07 IST" time="52.790" errors="0">
  <testcase name="CreateGroupsTestTest" time="52.790" classname="com.training.sanity.tests.ELTC_038_CreateGroupsTest"/>
</testsuite> <!-- com.training.sanity.tests.ELTC_038_CreateGroupsTest -->
