<?xml version="1.0" encoding="UTF-8"?>
<!-- Generated by org.testng.reporters.JUnitReportReporter -->
<testsuite skipped="0" hostname="DESKTOP-B0HRMQN" name="com.training.simple.test.ELTC_010_SearchCourseTest" tests="1" failures="0" timestamp="2019-12-05T20:43:02 IST" time="27.973" errors="0">
  <testcase name="SearchCourse" time="27.973" classname="com.training.simple.test.ELTC_010_SearchCourseTest"/>
</testsuite> <!-- com.training.simple.test.ELTC_010_SearchCourseTest -->
