<?xml version="1.0" encoding="UTF-8"?>
<!-- Generated by org.testng.reporters.JUnitReportReporter -->
<testsuite skipped="0" hostname="DESKTOP-B0HRMQN" name="com.training.sanity.tests.AdminLoginTest" tests="1" failures="0" timestamp="2019-11-26T09:37:56 IST" time="25.659" errors="0">
  <testcase name="validLoginTest" time="25.659" classname="com.training.sanity.tests.AdminLoginTest"/>
</testsuite> <!-- com.training.sanity.tests.AdminLoginTest -->
