<?xml version="1.0" encoding="UTF-8"?>
<!-- Generated by org.testng.reporters.JUnitReportReporter -->
<testsuite skipped="0" hostname="DESKTOP-B0HRMQN" name="com.training.sanity.tests.AdministrationTest" tests="1" failures="0" timestamp="2019-11-26T17:30:20 IST" time="26.446" errors="0">
  <testcase name="validLoginTest" time="26.446" classname="com.training.sanity.tests.AdministrationTest"/>
</testsuite> <!-- com.training.sanity.tests.AdministrationTest -->
