<?xml version="1.0" encoding="UTF-8"?>
<!-- Generated by org.testng.reporters.JUnitReportReporter -->
<testsuite skipped="0" hostname="DESKTOP-B0HRMQN" name="com.training.sanity.tests.ELTC_007_CreatecourseTest" tests="1" failures="0" timestamp="2019-11-28T10:41:46 IST" time="33.707" errors="0">
  <testcase name="createcourseTest" time="33.707" classname="com.training.sanity.tests.ELTC_007_CreatecourseTest"/>
</testsuite> <!-- com.training.sanity.tests.ELTC_007_CreatecourseTest -->
