<?xml version="1.0" encoding="UTF-8"?>
<!-- Generated by org.testng.reporters.JUnitReportReporter -->
<testsuite skipped="0" hostname="DESKTOP-B0HRMQN" name="com.training.sanity.tests.ELTC_008_EntercoursedecsTest" tests="1" failures="0" timestamp="2019-11-28T10:34:12 IST" time="37.072" errors="0">
  <testcase name="EntercoursedecsTest" time="37.072" classname="com.training.sanity.tests.ELTC_008_EntercoursedecsTest"/>
</testsuite> <!-- com.training.sanity.tests.ELTC_008_EntercoursedecsTest -->
