<?xml version="1.0" encoding="UTF-8"?>
<!-- Generated by org.testng.reporters.JUnitReportReporter -->
<testsuite skipped="0" hostname="DESKTOP-B0HRMQN" name="com.training.sanity.tests.ELTC_010_SearchCourseTest" tests="1" failures="0" timestamp="2019-11-28T15:13:49 IST" time="31.889" errors="0">
  <testcase name="SearchCourse" time="31.889" classname="com.training.sanity.tests.ELTC_010_SearchCourseTest"/>
</testsuite> <!-- com.training.sanity.tests.ELTC_010_SearchCourseTest -->
