<?xml version="1.0" encoding="UTF-8"?>
<!-- Generated by org.testng.reporters.JUnitReportReporter -->
<testsuite skipped="0" hostname="DESKTOP-B0HRMQN" name="com.training.sanity.tests.CreatecourseTest" tests="1" failures="0" timestamp="2019-11-28T07:39:29 IST" time="33.996" errors="0">
  <testcase name="createcourseTest" time="33.996" classname="com.training.sanity.tests.CreatecourseTest"/>
</testsuite> <!-- com.training.sanity.tests.CreatecourseTest -->
