<?xml version="1.0" encoding="UTF-8"?>
<!-- Generated by org.testng.reporters.JUnitReportReporter -->
<testsuite skipped="0" hostname="DESKTOP-B0HRMQN" name="com.training.sanity.tests.LoginTests" tests="1" failures="0" timestamp="2019-11-25T13:08:03 IST" time="18.414" errors="0">
  <testcase name="validLoginTest" time="18.414" classname="com.training.sanity.tests.LoginTests"/>
</testsuite> <!-- com.training.sanity.tests.LoginTests -->
